TN:
SF:/home/labber/react/scheduler/frontend/src/components/Application.js
FN:16,Application
FN:27,(anonymous_1)
FNF:2
FNH:2
FNDA:11,Application
FNDA:14,(anonymous_1)
DA:22,11
DA:24,11
DA:26,11
DA:28,14
DA:41,11
LF:5
LH:5
BRF:0
BRH:0
end_of_record
TN:
SF:/home/labber/react/scheduler/frontend/src/components/Button.js
FN:7,Button
FNF:1
FNH:1
FNDA:35,Button
DA:8,35
DA:13,35
LF:2
LH:2
BRF:0
BRH:0
end_of_record
TN:
SF:/home/labber/react/scheduler/frontend/src/components/DayList.js
FN:5,DayList
FN:6,(anonymous_1)
FNF:2
FNH:2
FNDA:11,DayList
FNDA:14,(anonymous_1)
DA:6,11
DA:7,14
DA:18,11
LF:3
LH:3
BRF:0
BRH:0
end_of_record
TN:
SF:/home/labber/react/scheduler/frontend/src/components/DayListItem.js
FN:6,formatSpots
FN:13,DayListItem
FN:22,(anonymous_2)
FNF:3
FNH:3
FNDA:14,formatSpots
FNDA:14,DayListItem
FNDA:2,(anonymous_2)
DA:7,14
DA:8,13
DA:10,0
DA:14,14
DA:19,14
DA:22,2
LF:6
LH:5
BRDA:7,0,0,1
BRDA:7,0,1,13
BRDA:8,1,0,13
BRDA:8,1,1,0
BRF:4
BRH:3
end_of_record
TN:
SF:/home/labber/react/scheduler/frontend/src/components/InterviewerList.js
FN:9,InterviewerList
FN:10,(anonymous_1)
FN:18,(anonymous_2)
FNF:3
FNH:3
FNDA:17,InterviewerList
FNDA:20,(anonymous_1)
FNDA:1,(anonymous_2)
DA:10,17
DA:11,20
DA:18,1
DA:23,17
DA:31,4
LF:5
LH:5
BRF:0
BRH:0
end_of_record
TN:
SF:/home/labber/react/scheduler/frontend/src/components/InterviewerListItem.js
FN:6,InterviewerItem
FNF:1
FNH:1
FNDA:20,InterviewerItem
DA:7,20
DA:11,20
LF:2
LH:2
BRDA:18,0,0,20
BRDA:18,0,1,5
BRF:2
BRH:2
end_of_record
TN:
SF:/home/labber/react/scheduler/frontend/src/components/Appointment/Confirm.js
FN:5,Confirm
FNF:1
FNH:0
FNDA:0,Confirm
DA:6,0
LF:1
LH:0
BRF:0
BRH:0
end_of_record
TN:
SF:/home/labber/react/scheduler/frontend/src/components/Appointment/Empty.js
FN:3,Empty
FNF:1
FNH:1
FNDA:17,Empty
DA:4,17
LF:1
LH:1
BRF:0
BRH:0
end_of_record
TN:
SF:/home/labber/react/scheduler/frontend/src/components/Appointment/Error.js
FN:3,Error
FNF:1
FNH:0
FNDA:0,Error
DA:4,0
LF:1
LH:0
BRF:0
BRH:0
end_of_record
TN:
SF:/home/labber/react/scheduler/frontend/src/components/Appointment/Form.js
FN:6,Form
FN:11,reset
FN:17,cancel
FN:22,validate
FN:39,(anonymous_4)
FN:46,(anonymous_5)
FNF:6
FNH:5
FNDA:17,Form
FNDA:1,reset
FNDA:1,cancel
FNDA:6,validate
FNDA:0,(anonymous_4)
FNDA:3,(anonymous_5)
DA:7,17
DA:8,17
DA:9,17
DA:12,1
DA:13,1
DA:14,1
DA:18,1
DA:19,1
DA:23,6
DA:24,2
DA:25,2
DA:27,4
DA:28,2
DA:29,2
DA:31,2
DA:32,2
DA:36,17
DA:39,0
DA:47,3
LF:19
LH:18
BRDA:7,0,0,17
BRDA:7,0,1,10
BRDA:8,1,0,17
BRDA:8,1,1,13
BRDA:23,2,0,2
BRDA:23,2,1,4
BRDA:27,3,0,2
BRDA:27,3,1,2
BRF:8
BRH:8
end_of_record
TN:
SF:/home/labber/react/scheduler/frontend/src/components/Appointment/Header.js
FN:3,Header
FNF:1
FNH:1
FNDA:28,Header
DA:4,28
LF:1
LH:1
BRF:0
BRH:0
end_of_record
TN:
SF:/home/labber/react/scheduler/frontend/src/components/Appointment/Show.js
FN:3,Show
FNF:1
FNH:1
FNDA:8,Show
DA:4,8
LF:1
LH:1
BRDA:11,0,0,8
BRDA:11,0,1,8
BRF:2
BRH:2
end_of_record
TN:
SF:/home/labber/react/scheduler/frontend/src/components/Appointment/Status.js
FN:3,Status
FNF:1
FNH:1
FNDA:2,Status
DA:4,2
LF:1
LH:1
BRF:0
BRH:0
end_of_record
TN:
SF:/home/labber/react/scheduler/frontend/src/components/Appointment/index.js
FN:25,Appointment
FN:28,save
FN:38,(anonymous_2)
FN:39,(anonymous_3)
FN:42,destroy
FN:46,(anonymous_5)
FN:47,(anonymous_6)
FN:54,(anonymous_7)
FN:63,(anonymous_8)
FN:64,(anonymous_9)
FNF:10
FNH:4
FNDA:28,Appointment
FNDA:1,save
FNDA:1,(anonymous_2)
FNDA:0,(anonymous_3)
FNDA:0,destroy
FNDA:0,(anonymous_5)
FNDA:0,(anonymous_6)
FNDA:1,(anonymous_7)
FNDA:0,(anonymous_8)
FNDA:0,(anonymous_9)
DA:15,2
DA:16,2
DA:17,2
DA:18,2
DA:19,2
DA:20,2
DA:21,2
DA:22,2
DA:23,2
DA:26,28
DA:29,1
DA:34,1
DA:36,1
DA:38,1
DA:39,0
DA:43,0
DA:44,0
DA:46,0
DA:47,0
DA:50,28
DA:55,1
DA:63,0
DA:64,0
LF:23
LH:16
BRDA:26,0,0,9
BRDA:26,0,1,19
BRDA:54,1,0,28
BRDA:54,1,1,17
BRDA:59,2,0,28
BRDA:59,2,1,8
BRDA:68,3,0,28
BRDA:68,3,1,1
BRDA:75,4,0,28
BRDA:75,4,1,0
BRDA:84,5,0,28
BRDA:84,5,1,2
BRDA:85,6,0,28
BRDA:85,6,1,0
BRDA:86,7,0,28
BRDA:86,7,1,0
BRDA:93,8,0,28
BRDA:93,8,1,0
BRDA:96,9,0,28
BRDA:96,9,1,0
BRF:20
BRH:15
end_of_record
TN:
SF:/home/labber/react/scheduler/frontend/src/helpers/selectors.js
FN:1,getAppointmentsForDay
FN:2,(anonymous_1)
FN:6,(anonymous_2)
FN:9,getInterviewersForDay
FN:10,(anonymous_4)
FN:14,(anonymous_5)
FN:17,getInterview
FNF:7
FNH:7
FNDA:16,getAppointmentsForDay
FNDA:15,(anonymous_1)
FNDA:22,(anonymous_2)
FNDA:16,getInterviewersForDay
FNDA:15,(anonymous_4)
FNDA:20,(anonymous_5)
FNDA:16,getInterview
DA:2,16
DA:4,16
DA:6,22
DA:10,16
DA:12,16
DA:14,20
DA:18,16
LF:7
LH:7
BRDA:4,0,0,6
BRDA:4,0,1,10
BRDA:4,1,0,16
BRDA:4,1,1,11
BRDA:12,2,0,6
BRDA:12,2,1,10
BRDA:12,3,0,16
BRDA:12,3,1,11
BRDA:19,4,0,16
BRDA:19,4,1,9
BRF:10
BRH:10
end_of_record
TN:
SF:/home/labber/react/scheduler/frontend/src/hooks/useApplicationData.js
FN:13,useApplicationData
FN:21,(anonymous_1)
FN:23,(anonymous_2)
FN:29,(anonymous_3)
FN:41,bookInterview
FN:42,(anonymous_5)
FN:51,cancelInterview
FN:52,(anonymous_7)
FNF:8
FNH:6
FNDA:11,useApplicationData
FNDA:2,(anonymous_1)
FNDA:4,(anonymous_2)
FNDA:4,(anonymous_3)
FNDA:1,bookInterview
FNDA:1,(anonymous_5)
FNDA:0,cancelInterview
FNDA:0,(anonymous_7)
DA:14,11
DA:21,11
DA:23,11
DA:24,4
DA:30,4
DA:39,11
DA:42,1
DA:43,1
DA:52,0
DA:53,0
DA:61,11
LF:11
LH:9
BRF:0
BRH:0
end_of_record
TN:
SF:/home/labber/react/scheduler/frontend/src/hooks/useRealtimeUpdate.js
FN:4,useRealtimeUpdate
FN:5,(anonymous_1)
FN:8,(anonymous_2)
FN:16,(anonymous_3)
FNF:4
FNH:3
FNDA:11,useRealtimeUpdate
FNDA:4,(anonymous_1)
FNDA:0,(anonymous_2)
FNDA:4,(anonymous_3)
DA:5,11
DA:6,4
DA:8,4
DA:9,0
DA:11,0
DA:12,0
DA:16,4
DA:17,4
LF:8
LH:5
BRDA:11,0,0,0
BRDA:11,0,1,0
BRDA:11,1,0,0
BRDA:11,1,1,0
BRF:4
BRH:0
end_of_record
TN:
SF:/home/labber/react/scheduler/frontend/src/hooks/useVisualMode.js
FN:3,useVisualMode
FN:6,transition
FN:9,(anonymous_2)
FN:11,(anonymous_3)
FN:15,back
FN:20,(anonymous_5)
FNF:6
FNH:6
FNDA:41,useVisualMode
FNDA:8,transition
FNDA:7,(anonymous_2)
FNDA:1,(anonymous_3)
FNDA:4,back
FNDA:3,(anonymous_5)
DA:4,41
DA:7,8
DA:9,7
DA:11,1
DA:16,4
DA:17,1
DA:20,3
DA:23,41
DA:25,41
LF:9
LH:9
BRDA:6,0,0,7
BRDA:7,1,0,7
BRDA:7,1,1,1
BRDA:16,2,0,1
BRDA:16,2,1,3
BRF:5
BRH:5
end_of_record
TN:
SF:/home/labber/react/scheduler/frontend/src/reducers/application.js
FN:5,reducer
FN:27,(anonymous_1)
FN:30,(anonymous_2)
FN:34,(anonymous_3)
FNF:4
FNH:4
FNDA:8,reducer
FNDA:1,(anonymous_1)
FNDA:2,(anonymous_2)
FNDA:2,(anonymous_3)
DA:1,3
DA:2,3
DA:3,3
DA:6,8
DA:8,2
DA:10,4
DA:17,1
DA:22,1
DA:27,1
DA:28,1
DA:30,2
DA:34,1
DA:35,2
DA:43,1
DA:50,1
LF:15
LH:15
BRDA:6,0,0,2
BRDA:6,0,1,4
BRDA:6,0,2,1
BRDA:6,0,3,1
BRDA:19,1,0,1
BRDA:19,1,1,1
BRDA:30,2,0,2
BRDA:30,2,1,0
BRDA:35,3,0,1
BRDA:35,3,1,1
BRF:10
BRH:9
end_of_record
